  main.cpp
c:\users\james\desktop\college\cs\cpp_game\sfml-box2d-tutorials-master\box2d\debug draw_renderer\visual studio (windows)\sfml & box2d template\sfml template\physicsobjectwithsprite.h(11): error C2143: syntax error: missing ';' before '<'
c:\users\james\desktop\college\cs\cpp_game\sfml-box2d-tutorials-master\box2d\debug draw_renderer\visual studio (windows)\sfml & box2d template\sfml template\physicsobjectwithsprite.h(11): error C4430: missing type specifier - int assumed. Note: C++ does not support default-int
c:\users\james\desktop\college\cs\cpp_game\sfml-box2d-tutorials-master\box2d\debug draw_renderer\visual studio (windows)\sfml & box2d template\sfml template\physicsobjectwithsprite.h(19): error C2065: 'objectList': undeclared identifier
c:\users\james\desktop\college\cs\cpp_game\sfml-box2d-tutorials-master\box2d\debug draw_renderer\visual studio (windows)\sfml & box2d template\sfml template\physicsobjectwithsprite.h(19): error C2228: left of '.size' must have class/struct/union
  c:\users\james\desktop\college\cs\cpp_game\sfml-box2d-tutorials-master\box2d\debug draw_renderer\visual studio (windows)\sfml & box2d template\sfml template\physicsobjectwithsprite.h(19): note: type is 'unknown-type'
c:\users\james\desktop\college\cs\cpp_game\sfml-box2d-tutorials-master\box2d\debug draw_renderer\visual studio (windows)\sfml & box2d template\sfml template\physicsobjectwithsprite.h(32): error C2065: 'objectList': undeclared identifier
c:\users\james\desktop\college\cs\cpp_game\sfml-box2d-tutorials-master\box2d\debug draw_renderer\visual studio (windows)\sfml & box2d template\sfml template\physicsobjectwithsprite.h(32): error C2228: left of '.erase' must have class/struct/union
  c:\users\james\desktop\college\cs\cpp_game\sfml-box2d-tutorials-master\box2d\debug draw_renderer\visual studio (windows)\sfml & box2d template\sfml template\physicsobjectwithsprite.h(32): note: type is 'unknown-type'
c:\users\james\desktop\college\cs\cpp_game\sfml-box2d-tutorials-master\box2d\debug draw_renderer\visual studio (windows)\sfml & box2d template\sfml template\physicsobjectwithsprite.h(33): error C2065: 'objectList': undeclared identifier
c:\users\james\desktop\college\cs\cpp_game\sfml-box2d-tutorials-master\box2d\debug draw_renderer\visual studio (windows)\sfml & box2d template\sfml template\main.cpp(12): error C2872: 'vector': ambiguous symbol
  c:\users\james\desktop\college\cs\cpp_game\sfml-box2d-tutorials-master\box2d\debug draw_renderer\visual studio (windows)\sfml & box2d template\sfml template\physicsobjectwithsprite.h(11): note: could be 'int vector'
  c:\program files (x86)\microsoft visual studio 14.0\vc\include\vector(679): note: or       'std::vector'
c:\users\james\desktop\college\cs\cpp_game\sfml-box2d-tutorials-master\box2d\debug draw_renderer\visual studio (windows)\sfml & box2d template\sfml template\main.cpp(12): error C2061: syntax error: identifier 'vector'
c:\users\james\desktop\college\cs\cpp_game\sfml-box2d-tutorials-master\box2d\debug draw_renderer\visual studio (windows)\sfml & box2d template\sfml template\main.cpp(59): error C2065: 'objectList': undeclared identifier
c:\users\james\desktop\college\cs\cpp_game\sfml-box2d-tutorials-master\box2d\debug draw_renderer\visual studio (windows)\sfml & box2d template\sfml template\main.cpp(59): error C2228: left of '.push_back' must have class/struct/union
  c:\users\james\desktop\college\cs\cpp_game\sfml-box2d-tutorials-master\box2d\debug draw_renderer\visual studio (windows)\sfml & box2d template\sfml template\main.cpp(59): note: type is 'unknown-type'
c:\users\james\desktop\college\cs\cpp_game\sfml-box2d-tutorials-master\box2d\debug draw_renderer\visual studio (windows)\sfml & box2d template\sfml template\main.cpp(69): error C2065: 'objectList': undeclared identifier
c:\users\james\desktop\college\cs\cpp_game\sfml-box2d-tutorials-master\box2d\debug draw_renderer\visual studio (windows)\sfml & box2d template\sfml template\main.cpp(69): error C2228: left of '.push_back' must have class/struct/union
  c:\users\james\desktop\college\cs\cpp_game\sfml-box2d-tutorials-master\box2d\debug draw_renderer\visual studio (windows)\sfml & box2d template\sfml template\main.cpp(69): note: type is 'unknown-type'
c:\users\james\desktop\college\cs\cpp_game\sfml-box2d-tutorials-master\box2d\debug draw_renderer\visual studio (windows)\sfml & box2d template\sfml template\main.cpp(72): error C2065: 'objectList': undeclared identifier
c:\users\james\desktop\college\cs\cpp_game\sfml-box2d-tutorials-master\box2d\debug draw_renderer\visual studio (windows)\sfml & box2d template\sfml template\main.cpp(80): error C2872: 'vector': ambiguous symbol
  c:\users\james\desktop\college\cs\cpp_game\sfml-box2d-tutorials-master\box2d\debug draw_renderer\visual studio (windows)\sfml & box2d template\sfml template\physicsobjectwithsprite.h(11): note: could be 'int vector'
  c:\program files (x86)\microsoft visual studio 14.0\vc\include\vector(679): note: or       'std::vector'
c:\users\james\desktop\college\cs\cpp_game\sfml-box2d-tutorials-master\box2d\debug draw_renderer\visual studio (windows)\sfml & box2d template\sfml template\main.cpp(80): error C2061: syntax error: identifier 'vector'
c:\users\james\desktop\college\cs\cpp_game\sfml-box2d-tutorials-master\box2d\debug draw_renderer\visual studio (windows)\sfml & box2d template\sfml template\main.cpp(84): error C2065: 'objectList': undeclared identifier
c:\users\james\desktop\college\cs\cpp_game\sfml-box2d-tutorials-master\box2d\debug draw_renderer\visual studio (windows)\sfml & box2d template\sfml template\main.cpp(84): error C2228: left of '.begin' must have class/struct/union
  c:\users\james\desktop\college\cs\cpp_game\sfml-box2d-tutorials-master\box2d\debug draw_renderer\visual studio (windows)\sfml & box2d template\sfml template\main.cpp(84): note: type is 'unknown-type'
c:\users\james\desktop\college\cs\cpp_game\sfml-box2d-tutorials-master\box2d\debug draw_renderer\visual studio (windows)\sfml & box2d template\sfml template\main.cpp(84): error C3536: 'i': cannot be used before it is initialized
c:\users\james\desktop\college\cs\cpp_game\sfml-box2d-tutorials-master\box2d\debug draw_renderer\visual studio (windows)\sfml & box2d template\sfml template\main.cpp(84): error C2228: left of '.end' must have class/struct/union
  c:\users\james\desktop\college\cs\cpp_game\sfml-box2d-tutorials-master\box2d\debug draw_renderer\visual studio (windows)\sfml & box2d template\sfml template\main.cpp(84): note: type is 'unknown-type'
c:\users\james\desktop\college\cs\cpp_game\sfml-box2d-tutorials-master\box2d\debug draw_renderer\visual studio (windows)\sfml & box2d template\sfml template\main.cpp(85): error C2227: left of '->drawSprite' must point to class/struct/union/generic type
  c:\users\james\desktop\college\cs\cpp_game\sfml-box2d-tutorials-master\box2d\debug draw_renderer\visual studio (windows)\sfml & box2d template\sfml template\main.cpp(85): note: type is 'int'
